{"TimeCreated": "2026-08-23T07:30:01Z", "EventID": 4732, "Level": "Information", "Provider": "Microsoft-Windows-Security-Auditing", "Computer": "APP01.example.local", "Message": "A member was added to a security-enabled local group.", "TargetUserName": "jsmith", "TargetDomainName": "EXAMPLE", "SubjectUserName": "administrator"}
{"TimeCreated": "2026-08-23T07:33:47Z", "EventID": 4648, "Level": "Information", "Provider": "Microsoft-Windows-Security-Auditing", "Computer": "DC01.example.local", "Message": "A logon was attempted using explicit credentials.", "TargetUserName": "mroberts", "TargetDomainName": "EXAMPLE", "IpAddress": "203.0.113.55"}
{"TimeCreated": "2026-08-23T07:36:05Z", "EventID": 4740, "Level": "Warning", "Provider": "Microsoft-Windows-Security-Auditing", "Computer": "RDS01.example.local", "Message": "A user account was locked out.", "TargetUserName": "svc_backup", "TargetDomainName": "EXAMPLE", "IpAddress": "10.20.15.44"}
{"TimeCreated": "2026-08-23T07:39:13Z", "EventID": 4624, "Level": "Information", "Provider": "Microsoft-Windows-Security-Auditing", "Computer": "FILE01.example.local", "Message": "An account was successfully logged on.", "TargetUserName": "jsmith", "TargetDomainName": "EXAMPLE", "IpAddress": "198.51.100.44", "LogonType": 10}
{"TimeCreated": "2026-08-23T07:42:12Z", "EventID": 4624, "Level": "Information", "Provider": "Microsoft-Windows-Security-Auditing", "Computer": "RDS01.example.local", "Message": "An account was successfully logged on.", "TargetUserName": "svc_backup", "TargetDomainName": "EXAMPLE", "IpAddress": "10.20.15.51", "LogonType": 7}
{"TimeCreated": "2026-08-23T07:45:51Z", "EventID": 4728, "Level": "Information", "Provider": "Microsoft-Windows-Security-Auditing", "Computer": "DC01.example.local", "Message": "A member was added to a security-enabled global group.", "TargetUserName": "klee", "TargetDomainName": "EXAMPLE", "SubjectUserName": "administrator", "GroupName": "Backup Operators"}
{"TimeCreated": "2026-08-23T07:48:17Z", "EventID": 4720, "Level": "Information", "Provider": "Microsoft-Windows-Security-Auditing", "Computer": "FILE01.example.local", "Message": "A user account was created.", "TargetUserName": "klee", "TargetDomainName": "EXAMPLE", "SubjectUserName": "administrator"}
{"TimeCreated": "2026-08-23T07:51:06Z", "EventID": 4768, "Level": "Information", "Provider": "Microsoft-Windows-Security-Auditing", "Computer": "DC01.example.local", "Message": "A Kerberos authentication ticket was requested.", "TargetUserName": "klee", "TargetDomainName": "EXAMPLE", "IpAddress": "10.20.30.77"}
{"TimeCreated": "2026-08-23T07:54:54Z", "EventID": 4625, "Level": "Warning", "Provider": "Microsoft-Windows-Security-Auditing", "Computer": "APP01.example.local", "Message": "An account failed to log on.", "TargetUserName": "klee", "TargetDomainName": "EXAMPLE", "IpAddress": "198.51.100.44", "LogonType": 5, "FailureReason": "Unknown user name or bad password."}
{"TimeCreated": "2026-08-23T07:57:34Z", "EventID": 4740, "Level": "Warning", "Provider": "Microsoft-Windows-Security-Auditing", "Computer": "DC01.example.local", "Message": "A user account was locked out.", "TargetUserName": "administrator", "TargetDomainName": "EXAMPLE", "IpAddress": "10.20.30.77"}
{"TimeCreated": "2026-08-23T08:00:18Z", "EventID": 4625, "Level": "Warning", "Provider": "Microsoft-Windows-Security-Auditing", "Computer": "APP01.example.local", "Message": "An account failed to log on.", "TargetUserName": "svc_backup", "TargetDomainName": "EXAMPLE", "IpAddress": "198.51.100.44", "LogonType": 3, "FailureReason": "User not allowed to logon at this computer."}
{"TimeCreated": "2026-08-23T08:03:42Z", "EventID": 4625, "Level": "Warning", "Provider": "Microsoft-Windows-Security-Auditing", "Computer": "FILE01.example.local", "Message": "An account failed to log on.", "TargetUserName": "jsmith", "TargetDomainName": "EXAMPLE", "IpAddress": "10.20.15.87", "LogonType": 2, "FailureReason": "Unknown user name or bad password."}
{"TimeCreated": "2026-08-23T08:06:24Z", "EventID": 4769, "Level": "Information", "Provider": "Microsoft-Windows-Security-Auditing", "Computer": "APP01.example.local", "Message": "A Kerberos service ticket was requested.", "TargetUserName": "jsmith", "TargetDomainName": "EXAMPLE", "IpAddress": "10.20.30.77"}
{"TimeCreated": "2026-08-23T08:09:23Z", "EventID": 4732, "Level": "Information", "Provider": "Microsoft-Windows-Security-Auditing", "Computer": "FILE01.example.local", "Message": "A member was added to a security-enabled local group.", "TargetUserName": "new.employee", "TargetDomainName": "EXAMPLE", "SubjectUserName": "helpdesk"}
{"TimeCreated": "2026-08-23T08:12:42Z", "EventID": 4688, "Level": "Information", "Provider": "Microsoft-Windows-Security-Auditing", "Computer": "APP01.example.local", "Message": "A new process has been created.", "TargetUserName": "mroberts", "TargetDomainName": "EXAMPLE", "NewProcessName": "C:\\Windows\\System32\\cmd.exe", "ParentProcessName": "C:\\Windows\\System32\\cmd.exe"}
{"TimeCreated": "2026-08-23T08:15:34Z", "EventID": 4732, "Level": "Information", "Provider": "Microsoft-Windows-Security-Auditing", "Computer": "FILE01.example.local", "Message": "A member was added to a security-enabled local group.", "TargetUserName": "mroberts", "TargetDomainName": "EXAMPLE", "SubjectUserName": "administrator"}
{"TimeCreated": "2026-08-23T08:18:17Z", "EventID": 4722, "Level": "Information", "Provider": "Microsoft-Windows-Security-Auditing", "Computer": "FILE01.example.local", "Message": "A user account was enabled.", "TargetUserName": "administrator", "TargetDomainName": "EXAMPLE", "SubjectUserName": "sysadmin"}
{"TimeCreated": "2026-08-23T08:21:49Z", "EventID": 4688, "Level": "Information", "Provider": "Microsoft-Windows-Security-Auditing", "Computer": "DC01.example.local", "Message": "A new process has been created.", "TargetUserName": "new.employee", "TargetDomainName": "EXAMPLE", "NewProcessName": "C:\\Windows\\System32\\WindowsPowerShell\\v1.0\\powershell.exe", "ParentProcessName": "C:\\Windows\\explorer.exe"}
{"TimeCreated": "2026-08-23T08:24:25Z", "EventID": 4768, "Level": "Information", "Provider": "Microsoft-Windows-Security-Auditing", "Computer": "APP01.example.local", "Message": "A Kerberos authentication ticket was requested.", "TargetUserName": "klee", "TargetDomainName": "EXAMPLE", "IpAddress": "10.20.15.44"}
{"TimeCreated": "2026-08-23T08:27:56Z", "EventID": 4648, "Level": "Information", "Provider": "Microsoft-Windows-Security-Auditing", "Computer": "APP01.example.local", "Message": "A logon was attempted using explicit credentials.", "TargetUserName": "svc_backup", "TargetDomainName": "EXAMPLE", "IpAddress": "10.20.15.51"}
{"TimeCreated": "2026-08-23T08:30:25Z", "EventID": 4732, "Level": "Information", "Provider": "Microsoft-Windows-Security-Auditing", "Computer": "RDS01.example.local", "Message": "A member was added to a security-enabled local group.", "TargetUserName": "administrator", "TargetDomainName": "EXAMPLE", "SubjectUserName": "administrator"}
{"TimeCreated": "2026-08-23T08:33:15Z", "EventID": 4672, "Level": "Information", "Provider": "Microsoft-Windows-Security-Auditing", "Computer": "APP01.example.local", "Message": "Special privileges assigned to new logon.", "TargetUserName": "mroberts", "TargetDomainName": "EXAMPLE"}
{"TimeCreated": "2026-08-23T08:36:27Z", "EventID": 4740, "Level": "Warning", "Provider": "Microsoft-Windows-Security-Auditing", "Computer": "RDS01.example.local", "Message": "A user account was locked out.", "TargetUserName": "svc_backup", "TargetDomainName": "EXAMPLE", "IpAddress": "10.20.15.87"}
{"TimeCreated": "2026-08-23T08:39:32Z", "EventID": 4648, "Level": "Information", "Provider": "Microsoft-Windows-Security-Auditing", "Computer": "RDS01.example.local", "Message": "A logon was attempted using explicit credentials.", "TargetUserName": "mroberts", "TargetDomainName": "EXAMPLE", "IpAddress": "10.20.15.44"}
{"TimeCreated": "2026-08-23T08:42:55Z", "EventID": 4768, "Level": "Information", "Provider": "Microsoft-Windows-Security-Auditing", "Computer": "DC01.example.local", "Message": "A Kerberos authentication ticket was requested.", "TargetUserName": "jsmith", "TargetDomainName": "EXAMPLE", "IpAddress": "10.20.15.51"}
{"TimeCreated": "2026-08-23T08:45:50Z", "EventID": 4732, "Level": "Information", "Provider": "Microsoft-Windows-Security-Auditing", "Computer": "RDS01.example.local", "Message": "A member was added to a security-enabled local group.", "TargetUserName": "mroberts", "TargetDomainName": "EXAMPLE", "SubjectUserName": "sysadmin"}
{"TimeCreated": "2026-08-23T08:48:24Z", "EventID": 4625, "Level": "Warning", "Provider": "Microsoft-Windows-Security-Auditing", "Computer": "RDS01.example.local", "Message": "An account failed to log on.", "TargetUserName": "administrator", "TargetDomainName": "EXAMPLE", "IpAddress": "198.51.100.44", "LogonType": 5, "FailureReason": "User not allowed to logon at this computer."}
{"TimeCreated": "2026-08-23T08:51:43Z", "EventID": 4769, "Level": "Information", "Provider": "Microsoft-Windows-Security-Auditing", "Computer": "DC01.example.local", "Message": "A Kerberos service ticket was requested.", "TargetUserName": "jsmith", "TargetDomainName": "EXAMPLE", "IpAddress": "203.0.113.55"}
{"TimeCreated": "2026-08-23T08:54:48Z", "EventID": 4771, "Level": "Warning", "Provider": "Microsoft-Windows-Security-Auditing", "Computer": "APP01.example.local", "Message": "Kerberos pre-authentication failed.", "TargetUserName": "svc_backup", "TargetDomainName": "EXAMPLE", "IpAddress": "203.0.113.55"}
{"TimeCreated": "2026-08-23T08:57:18Z", "EventID": 4688, "Level": "Information", "Provider": "Microsoft-Windows-Security-Auditing", "Computer": "RDS01.example.local", "Message": "A new process has been created.", "TargetUserName": "jsmith", "TargetDomainName": "EXAMPLE", "NewProcessName": "C:\\Windows\\System32\\WindowsPowerShell\\v1.0\\powershell.exe", "ParentProcessName": "C:\\Windows\\System32\\services.exe"}
{"TimeCreated": "2026-08-23T09:00:56Z", "EventID": 4624, "Level": "Information", "Provider": "Microsoft-Windows-Security-Auditing", "Computer": "APP01.example.local", "Message": "An account was successfully logged on.", "TargetUserName": "helpdesk", "TargetDomainName": "EXAMPLE", "IpAddress": "198.51.100.44", "LogonType": 3}
{"TimeCreated": "2026-08-23T09:03:55Z", "EventID": 4725, "Level": "Warning", "Provider": "Microsoft-Windows-Security-Auditing", "Computer": "APP01.example.local", "Message": "A user account was disabled.", "TargetUserName": "jsmith", "TargetDomainName": "EXAMPLE", "SubjectUserName": "sysadmin"}
{"TimeCreated": "2026-08-23T09:06:12Z", "EventID": 4725, "Level": "Warning", "Provider": "Microsoft-Windows-Security-Auditing", "Computer": "FILE01.example.local", "Message": "A user account was disabled.", "TargetUserName": "svc_backup", "TargetDomainName": "EXAMPLE", "SubjectUserName": "helpdesk"}
{"TimeCreated": "2026-08-23T09:09:34Z", "EventID": 4768, "Level": "Information", "Provider": "Microsoft-Windows-Security-Auditing", "Computer": "DC01.example.local", "Message": "A Kerberos authentication ticket was requested.", "TargetUserName": "mroberts", "TargetDomainName": "EXAMPLE", "IpAddress": "198.51.100.44"}
{"TimeCreated": "2026-08-23T09:12:01Z", "EventID": 4688, "Level": "Information", "Provider": "Microsoft-Windows-Security-Auditing", "Computer": "DC01.example.local", "Message": "A new process has been created.", "TargetUserName": "administrator", "TargetDomainName": "EXAMPLE", "NewProcessName": "C:\\Program Files\\BackupAgent\\agent.exe", "ParentProcessName": "C:\\Windows\\System32\\services.exe"}
{"TimeCreated": "2026-08-23T09:15:15Z", "EventID": 4648, "Level": "Information", "Provider": "Microsoft-Windows-Security-Auditing", "Computer": "DC01.example.local", "Message": "A logon was attempted using explicit credentials.", "TargetUserName": "jsmith", "TargetDomainName": "EXAMPLE", "IpAddress": "10.20.15.44"}
{"TimeCreated": "2026-08-23T09:18:52Z", "EventID": 4740, "Level": "Warning", "Provider": "Microsoft-Windows-Security-Auditing", "Computer": "DC01.example.local", "Message": "A user account was locked out.", "TargetUserName": "administrator", "TargetDomainName": "EXAMPLE", "IpAddress": "198.51.100.44"}
{"TimeCreated": "2026-08-23T09:21:08Z", "EventID": 4768, "Level": "Information", "Provider": "Microsoft-Windows-Security-Auditing", "Computer": "RDS01.example.local", "Message": "A Kerberos authentication ticket was requested.", "TargetUserName": "mroberts", "TargetDomainName": "EXAMPLE", "IpAddress": "198.51.100.44"}
{"TimeCreated": "2026-08-23T09:24:33Z", "EventID": 4634, "Level": "Information", "Provider": "Microsoft-Windows-Security-Auditing", "Computer": "RDS01.example.local", "Message": "An account was logged off.", "TargetUserName": "klee", "TargetDomainName": "EXAMPLE"}
{"TimeCreated": "2026-08-23T09:27:48Z", "EventID": 4648, "Level": "Information", "Provider": "Microsoft-Windows-Security-Auditing", "Computer": "FILE01.example.local", "Message": "A logon was attempted using explicit credentials.", "TargetUserName": "svc_backup", "TargetDomainName": "EXAMPLE", "IpAddress": "203.0.113.55"}
{"TimeCreated": "2026-08-23T09:30:42Z", "EventID": 4672, "Level": "Information", "Provider": "Microsoft-Windows-Security-Auditing", "Computer": "APP01.example.local", "Message": "Special privileges assigned to new logon.", "TargetUserName": "administrator", "TargetDomainName": "EXAMPLE"}
{"TimeCreated": "2026-08-23T09:33:28Z", "EventID": 4722, "Level": "Information", "Provider": "Microsoft-Windows-Security-Auditing", "Computer": "DC01.example.local", "Message": "A user account was enabled.", "TargetUserName": "svc_backup", "TargetDomainName": "EXAMPLE", "SubjectUserName": "administrator"}
{"TimeCreated": "2026-08-23T09:36:21Z", "EventID": 4648, "Level": "Information", "Provider": "Microsoft-Windows-Security-Auditing", "Computer": "DC01.example.local", "Message": "A logon was attempted using explicit credentials.", "TargetUserName": "jsmith", "TargetDomainName": "EXAMPLE", "IpAddress": "198.51.100.44"}
{"TimeCreated": "2026-08-23T09:39:37Z", "EventID": 4725, "Level": "Warning", "Provider": "Microsoft-Windows-Security-Auditing", "Computer": "FILE01.example.local", "Message": "A user account was disabled.", "TargetUserName": "mroberts", "TargetDomainName": "EXAMPLE", "SubjectUserName": "administrator"}
{"TimeCreated": "2026-08-23T09:42:40Z", "EventID": 4625, "Level": "Warning", "Provider": "Microsoft-Windows-Security-Auditing", "Computer": "DC01.example.local", "Message": "An account failed to log on.", "TargetUserName": "helpdesk", "TargetDomainName": "EXAMPLE", "IpAddress": "10.20.15.51", "LogonType": 2, "FailureReason": "Unknown user name or bad password."}
{"TimeCreated": "2026-08-23T09:45:04Z", "EventID": 4769, "Level": "Information", "Provider": "Microsoft-Windows-Security-Auditing", "Computer": "FILE01.example.local", "Message": "A Kerberos service ticket was requested.", "TargetUserName": "klee", "TargetDomainName": "EXAMPLE", "IpAddress": "10.20.15.87"}
{"TimeCreated": "2026-08-23T09:48:13Z", "EventID": 4732, "Level": "Information", "Provider": "Microsoft-Windows-Security-Auditing", "Computer": "FILE01.example.local", "Message": "A member was added to a security-enabled local group.", "TargetUserName": "administrator", "TargetDomainName": "EXAMPLE", "SubjectUserName": "sysadmin"}
{"TimeCreated": "2026-08-23T09:51:36Z", "EventID": 4771, "Level": "Warning", "Provider": "Microsoft-Windows-Security-Auditing", "Computer": "RDS01.example.local", "Message": "Kerberos pre-authentication failed.", "TargetUserName": "svc_backup", "TargetDomainName": "EXAMPLE", "IpAddress": "10.20.15.51"}
{"TimeCreated": "2026-08-23T09:54:51Z", "EventID": 4768, "Level": "Information", "Provider": "Microsoft-Windows-Security-Auditing", "Computer": "RDS01.example.local", "Message": "A Kerberos authentication ticket was requested.", "TargetUserName": "administrator", "TargetDomainName": "EXAMPLE", "IpAddress": "10.20.15.51"}
{"TimeCreated": "2026-08-23T09:57:42Z", "EventID": 4625, "Level": "Warning", "Provider": "Microsoft-Windows-Security-Auditing", "Computer": "RDS01.example.local", "Message": "An account failed to log on.", "TargetUserName": "jsmith", "TargetDomainName": "EXAMPLE", "IpAddress": "10.20.15.87", "LogonType": 7, "FailureReason": "Account currently disabled."}